{"/home/chris/dev/loopautoma/vite.config.ts": {"path":"/home/chris/dev/loopautoma/vite.config.ts","statementMap":{"0":{"start":{"line":5,"column":13},"end":{"line":5,"column":null}},"1":{"start":{"line":8,"column":41},"end":{"line":32,"column":2}}},"fnMap":{"0":{"name":"(anonymous_0)","decl":{"start":{"line":8,"column":28},"end":{"line":8,"column":41}},"loc":{"start":{"line":8,"column":41},"end":{"line":32,"column":2}}}},"branchMap":{"0":{"loc":{"start":{"line":19,"column":10},"end":{"line":19,"column":null}},"type":"binary-expr","locations":[{"start":{"line":19,"column":10},"end":{"line":19,"column":18}},{"start":{"line":19,"column":18},"end":{"line":19,"column":null}}]},"1":{"loc":{"start":{"line":20,"column":9},"end":{"line":26,"column":null}},"type":"cond-expr","locations":[{"start":{"line":21,"column":8},"end":{"line":25,"column":null}},{"start":{"line":26,"column":8},"end":{"line":26,"column":null}}]}},"s":{"0":0,"1":0},"f":{"0":0},"b":{"0":[0,0],"1":[0,0]}}
,"/home/chris/dev/loopautoma/src/App.tsx": {"path":"/home/chris/dev/loopautoma/src/App.tsx","statementMap":{"0":{"start":{"line":12,"column":36},"end":{"line":12,"column":null}},"1":{"start":{"line":13,"column":28},"end":{"line":13,"column":null}},"2":{"start":{"line":14,"column":52},"end":{"line":14,"column":null}},"3":{"start":{"line":15,"column":38},"end":{"line":15,"column":null}},"4":{"start":{"line":17,"column":2},"end":{"line":36,"column":null}},"5":{"start":{"line":19,"column":4},"end":{"line":35,"column":null}},"6":{"start":{"line":21,"column":8},"end":{"line":29,"column":null}},"7":{"start":{"line":22,"column":25},"end":{"line":22,"column":null}},"8":{"start":{"line":23,"column":10},"end":{"line":23,"column":null}},"9":{"start":{"line":24,"column":10},"end":{"line":24,"column":null}},"10":{"start":{"line":25,"column":10},"end":{"line":25,"column":null}},"11":{"start":{"line":27,"column":10},"end":{"line":27,"column":null}},"12":{"start":{"line":28,"column":10},"end":{"line":28,"column":null}},"13":{"start":{"line":32,"column":23},"end":{"line":32,"column":null}},"14":{"start":{"line":33,"column":8},"end":{"line":33,"column":null}},"15":{"start":{"line":34,"column":8},"end":{"line":34,"column":null}},"16":{"start":{"line":38,"column":16},"end":{"line":42,"column":null}},"17":{"start":{"line":39,"column":4},"end":{"line":39,"column":null}},"18":{"start":{"line":39,"column":21},"end":{"line":39,"column":null}},"19":{"start":{"line":40,"column":4},"end":{"line":40,"column":null}},"20":{"start":{"line":41,"column":4},"end":{"line":41,"column":null}},"21":{"start":{"line":43,"column":26},"end":{"line":43,"column":null}},"22":{"start":{"line":43,"column":47},"end":{"line":43,"column":66}},"23":{"start":{"line":45,"column":24},"end":{"line":55,"column":null}},"24":{"start":{"line":46,"column":16},"end":{"line":46,"column":null}},"25":{"start":{"line":46,"column":42},"end":{"line":46,"column":61}},"26":{"start":{"line":48,"column":4},"end":{"line":52,"column":null}},"27":{"start":{"line":49,"column":6},"end":{"line":49,"column":null}},"28":{"start":{"line":51,"column":6},"end":{"line":51,"column":null}},"29":{"start":{"line":53,"column":4},"end":{"line":53,"column":null}},"30":{"start":{"line":54,"column":4},"end":{"line":54,"column":null}},"31":{"start":{"line":57,"column":15},"end":{"line":60,"column":null}},"32":{"start":{"line":58,"column":4},"end":{"line":58,"column":null}},"33":{"start":{"line":59,"column":4},"end":{"line":59,"column":null}},"34":{"start":{"line":62,"column":2},"end":{"line":109,"column":null}},"35":{"start":{"line":83,"column":30},"end":{"line":83,"column":null}}},"fnMap":{"0":{"name":"App","decl":{"start":{"line":11,"column":9},"end":{"line":11,"column":15}},"loc":{"start":{"line":11,"column":15},"end":{"line":111,"column":null}}},"1":{"name":"(anonymous_1)","decl":{"start":{"line":17,"column":12},"end":{"line":17,"column":18}},"loc":{"start":{"line":17,"column":18},"end":{"line":36,"column":5}}},"2":{"name":"(anonymous_2)","decl":{"start":{"line":20,"column":12},"end":{"line":20,"column":13}},"loc":{"start":{"line":20,"column":20},"end":{"line":30,"column":7}}},"3":{"name":"(anonymous_3)","decl":{"start":{"line":31,"column":13},"end":{"line":31,"column":19}},"loc":{"start":{"line":31,"column":19},"end":{"line":35,"column":7}}},"4":{"name":"(anonymous_4)","decl":{"start":{"line":38,"column":16},"end":{"line":38,"column":28}},"loc":{"start":{"line":38,"column":28},"end":{"line":42,"column":null}}},"5":{"name":"(anonymous_5)","decl":{"start":{"line":43,"column":40},"end":{"line":43,"column":41}},"loc":{"start":{"line":43,"column":47},"end":{"line":43,"column":66}}},"6":{"name":"(anonymous_6)","decl":{"start":{"line":45,"column":24},"end":{"line":45,"column":31}},"loc":{"start":{"line":45,"column":48},"end":{"line":55,"column":null}}},"7":{"name":"(anonymous_7)","decl":{"start":{"line":46,"column":35},"end":{"line":46,"column":36}},"loc":{"start":{"line":46,"column":42},"end":{"line":46,"column":61}}},"8":{"name":"(anonymous_8)","decl":{"start":{"line":57,"column":15},"end":{"line":57,"column":27}},"loc":{"start":{"line":57,"column":27},"end":{"line":60,"column":null}}},"9":{"name":"(anonymous_9)","decl":{"start":{"line":83,"column":22},"end":{"line":83,"column":23}},"loc":{"start":{"line":83,"column":30},"end":{"line":83,"column":null}}}},"branchMap":{"0":{"loc":{"start":{"line":21,"column":8},"end":{"line":29,"column":null}},"type":"if","locations":[{"start":{"line":21,"column":8},"end":{"line":29,"column":null}},{"start":{"line":26,"column":15},"end":{"line":29,"column":null}}]},"1":{"loc":{"start":{"line":21,"column":12},"end":{"line":21,"column":36}},"type":"binary-expr","locations":[{"start":{"line":21,"column":12},"end":{"line":21,"column":19}},{"start":{"line":21,"column":19},"end":{"line":21,"column":36}}]},"2":{"loc":{"start":{"line":39,"column":4},"end":{"line":39,"column":null}},"type":"if","locations":[{"start":{"line":39,"column":4},"end":{"line":39,"column":null}},{"start":{},"end":{}}]},"3":{"loc":{"start":{"line":43,"column":26},"end":{"line":43,"column":null}},"type":"binary-expr","locations":[{"start":{"line":43,"column":26},"end":{"line":43,"column":71}},{"start":{"line":43,"column":71},"end":{"line":43,"column":null}}]},"4":{"loc":{"start":{"line":48,"column":4},"end":{"line":52,"column":null}},"type":"if","locations":[{"start":{"line":48,"column":4},"end":{"line":52,"column":null}},{"start":{"line":50,"column":11},"end":{"line":52,"column":null}}]},"5":{"loc":{"start":{"line":85,"column":44},"end":{"line":85,"column":79}},"type":"binary-expr","locations":[{"start":{"line":85,"column":44},"end":{"line":85,"column":59}},{"start":{"line":85,"column":59},"end":{"line":85,"column":79}}]},"6":{"loc":{"start":{"line":92,"column":20},"end":{"line":92,"column":null}},"type":"cond-expr","locations":[{"start":{"line":92,"column":39},"end":{"line":92,"column":51}},{"start":{"line":92,"column":51},"end":{"line":92,"column":null}}]}},"s":{"0":0,"1":0,"2":0,"3":0,"4":0,"5":0,"6":0,"7":0,"8":0,"9":0,"10":0,"11":0,"12":0,"13":0,"14":0,"15":0,"16":0,"17":0,"18":0,"19":0,"20":0,"21":0,"22":0,"23":0,"24":0,"25":0,"26":0,"27":0,"28":0,"29":0,"30":0,"31":0,"32":0,"33":0,"34":0,"35":0},"f":{"0":0,"1":0,"2":0,"3":0,"4":0,"5":0,"6":0,"7":0,"8":0,"9":0},"b":{"0":[0,0],"1":[0,0],"2":[0,0],"3":[0,0],"4":[0,0],"5":[0,0],"6":[0,0]}}
,"/home/chris/dev/loopautoma/src/main.tsx": {"path":"/home/chris/dev/loopautoma/src/main.tsx","statementMap":{"0":{"start":{"line":5,"column":0},"end":{"line":9,"column":null}}},"fnMap":{},"branchMap":{},"s":{"0":0},"f":{},"b":{}}
,"/home/chris/dev/loopautoma/src/store.ts": {"path":"/home/chris/dev/loopautoma/src/store.ts","statementMap":{"0":{"start":{"line":6,"column":34},"end":{"line":6,"column":null}},"1":{"start":{"line":7,"column":2},"end":{"line":7,"column":null}},"2":{"start":{"line":11,"column":30},"end":{"line":11,"column":null}},"3":{"start":{"line":13,"column":2},"end":{"line":21,"column":null}},"4":{"start":{"line":15,"column":4},"end":{"line":17,"column":null}},"5":{"start":{"line":16,"column":6},"end":{"line":16,"column":null}},"6":{"start":{"line":16,"column":26},"end":{"line":16,"column":58}},"7":{"start":{"line":17,"column":22},"end":{"line":17,"column":37}},"8":{"start":{"line":18,"column":4},"end":{"line":20,"column":null}},"9":{"start":{"line":19,"column":6},"end":{"line":19,"column":null}},"10":{"start":{"line":19,"column":12},"end":{"line":19,"column":26}},"11":{"start":{"line":23,"column":16},"end":{"line":23,"column":null}},"12":{"start":{"line":23,"column":34},"end":{"line":23,"column":49}},"13":{"start":{"line":24,"column":2},"end":{"line":24,"column":null}},"14":{"start":{"line":28,"column":50},"end":{"line":28,"column":null}},"15":{"start":{"line":29,"column":2},"end":{"line":29,"column":null}}},"fnMap":{"0":{"name":"useProfiles","decl":{"start":{"line":5,"column":16},"end":{"line":5,"column":30}},"loc":{"start":{"line":5,"column":30},"end":{"line":8,"column":null}}},"1":{"name":"useEventStream","decl":{"start":{"line":10,"column":16},"end":{"line":10,"column":33}},"loc":{"start":{"line":10,"column":33},"end":{"line":25,"column":null}}},"2":{"name":"(anonymous_2)","decl":{"start":{"line":13,"column":12},"end":{"line":13,"column":18}},"loc":{"start":{"line":13,"column":18},"end":{"line":21,"column":5}}},"3":{"name":"(anonymous_3)","decl":{"start":{"line":15,"column":40},"end":{"line":15,"column":41}},"loc":{"start":{"line":15,"column":47},"end":{"line":17,"column":5}}},"4":{"name":"(anonymous_4)","decl":{"start":{"line":16,"column":16},"end":{"line":16,"column":17}},"loc":{"start":{"line":16,"column":26},"end":{"line":16,"column":58}}},"5":{"name":"(anonymous_5)","decl":{"start":{"line":17,"column":12},"end":{"line":17,"column":13}},"loc":{"start":{"line":17,"column":22},"end":{"line":17,"column":37}}},"6":{"name":"(anonymous_6)","decl":{"start":{"line":18,"column":11},"end":{"line":18,"column":17}},"loc":{"start":{"line":18,"column":17},"end":{"line":20,"column":null}}},"7":{"name":"(anonymous_7)","decl":{"start":{"line":23,"column":28},"end":{"line":23,"column":34}},"loc":{"start":{"line":23,"column":34},"end":{"line":23,"column":49}}},"8":{"name":"useRunState","decl":{"start":{"line":27,"column":16},"end":{"line":27,"column":30}},"loc":{"start":{"line":27,"column":30},"end":{"line":30,"column":null}}}},"branchMap":{},"s":{"0":0,"1":0,"2":0,"3":0,"4":0,"5":0,"6":0,"7":0,"8":0,"9":0,"10":0,"11":0,"12":0,"13":0,"14":0,"15":0},"f":{"0":0,"1":0,"2":0,"3":0,"4":0,"5":0,"6":0,"7":0,"8":0},"b":{}}
,"/home/chris/dev/loopautoma/src/tauriBridge.ts": {"path":"/home/chris/dev/loopautoma/src/tauriBridge.ts","statementMap":{"0":{"start":{"line":5,"column":2},"end":{"line":5,"column":null}},"1":{"start":{"line":9,"column":2},"end":{"line":9,"column":null}},"2":{"start":{"line":13,"column":2},"end":{"line":13,"column":null}},"3":{"start":{"line":17,"column":2},"end":{"line":17,"column":null}}},"fnMap":{"0":{"name":"profilesLoad","decl":{"start":{"line":4,"column":22},"end":{"line":4,"column":57}},"loc":{"start":{"line":4,"column":57},"end":{"line":6,"column":null}}},"1":{"name":"profilesSave","decl":{"start":{"line":8,"column":22},"end":{"line":8,"column":35}},"loc":{"start":{"line":8,"column":71},"end":{"line":10,"column":null}}},"2":{"name":"monitorStart","decl":{"start":{"line":12,"column":22},"end":{"line":12,"column":35}},"loc":{"start":{"line":12,"column":69},"end":{"line":14,"column":null}}},"3":{"name":"monitorStop","decl":{"start":{"line":16,"column":22},"end":{"line":16,"column":51}},"loc":{"start":{"line":16,"column":51},"end":{"line":18,"column":null}}}},"branchMap":{},"s":{"0":0,"1":0,"2":0,"3":0},"f":{"0":0,"1":0,"2":0,"3":0},"b":{}}
,"/home/chris/dev/loopautoma/src/types.ts": {"path":"/home/chris/dev/loopautoma/src/types.ts","statementMap":{"0":{"start":{"line":42,"column":36},"end":{"line":58,"column":null}},"1":{"start":{"line":42,"column":52},"end":{"line":58,"column":null}}},"fnMap":{"0":{"name":"(anonymous_0)","decl":{"start":{"line":42,"column":36},"end":{"line":42,"column":52}},"loc":{"start":{"line":42,"column":52},"end":{"line":58,"column":null}}}},"branchMap":{},"s":{"0":0,"1":0},"f":{"0":0},"b":{}}
,"/home/chris/dev/loopautoma/src/components/EventLog.tsx": {"path":"/home/chris/dev/loopautoma/src/components/EventLog.tsx","statementMap":{"0":{"start":{"line":4,"column":2},"end":{"line":19,"column":null}},"1":{"start":{"line":6,"column":6},"end":{"line":6,"column":null}},"2":{"start":{"line":8,"column":6},"end":{"line":8,"column":null}},"3":{"start":{"line":10,"column":6},"end":{"line":10,"column":null}},"4":{"start":{"line":12,"column":6},"end":{"line":12,"column":null}},"5":{"start":{"line":14,"column":6},"end":{"line":14,"column":null}},"6":{"start":{"line":16,"column":6},"end":{"line":16,"column":null}},"7":{"start":{"line":18,"column":6},"end":{"line":18,"column":null}},"8":{"start":{"line":23,"column":2},"end":{"line":36,"column":null}},"9":{"start":{"line":30,"column":12},"end":{"line":32,"column":null}}},"fnMap":{"0":{"name":"fmt","decl":{"start":{"line":3,"column":9},"end":{"line":3,"column":13}},"loc":{"start":{"line":3,"column":31},"end":{"line":20,"column":null}}},"1":{"name":"EventLog","decl":{"start":{"line":22,"column":16},"end":{"line":22,"column":25}},"loc":{"start":{"line":22,"column":58},"end":{"line":38,"column":null}}},"2":{"name":"(anonymous_2)","decl":{"start":{"line":29,"column":22},"end":{"line":29,"column":23}},"loc":{"start":{"line":30,"column":12},"end":{"line":32,"column":null}}}},"branchMap":{"0":{"loc":{"start":{"line":4,"column":2},"end":{"line":19,"column":null}},"type":"switch","locations":[{"start":{"line":5,"column":4},"end":{"line":6,"column":null}},{"start":{"line":7,"column":4},"end":{"line":8,"column":null}},{"start":{"line":9,"column":4},"end":{"line":10,"column":null}},{"start":{"line":11,"column":4},"end":{"line":12,"column":null}},{"start":{"line":13,"column":4},"end":{"line":14,"column":null}},{"start":{"line":15,"column":4},"end":{"line":16,"column":null}},{"start":{"line":17,"column":4},"end":{"line":18,"column":null}}]},"1":{"loc":{"start":{"line":25,"column":7},"end":{"line":34,"column":null}},"type":"cond-expr","locations":[{"start":{"line":26,"column":8},"end":{"line":26,"column":null}},{"start":{"line":28,"column":8},"end":{"line":34,"column":null}}]}},"s":{"0":0,"1":0,"2":0,"3":0,"4":0,"5":0,"6":0,"7":0,"8":1,"9":0},"f":{"0":0,"1":1,"2":0},"b":{"0":[0,0,0,0,0,0,0],"1":[1,0]}}
,"/home/chris/dev/loopautoma/src/components/ProfileEditor.tsx": {"path":"/home/chris/dev/loopautoma/src/components/ProfileEditor.tsx","statementMap":{"0":{"start":{"line":5,"column":26},"end":{"line":5,"column":null}},"1":{"start":{"line":6,"column":28},"end":{"line":6,"column":null}},"2":{"start":{"line":8,"column":2},"end":{"line":10,"column":null}},"3":{"start":{"line":9,"column":4},"end":{"line":9,"column":null}},"4":{"start":{"line":9,"column":17},"end":{"line":9,"column":null}},"5":{"start":{"line":12,"column":15},"end":{"line":24,"column":null}},"6":{"start":{"line":13,"column":4},"end":{"line":23,"column":null}},"7":{"start":{"line":14,"column":21},"end":{"line":14,"column":null}},"8":{"start":{"line":16,"column":6},"end":{"line":18,"column":null}},"9":{"start":{"line":17,"column":8},"end":{"line":17,"column":null}},"10":{"start":{"line":19,"column":6},"end":{"line":19,"column":null}},"11":{"start":{"line":20,"column":6},"end":{"line":20,"column":null}},"12":{"start":{"line":22,"column":6},"end":{"line":22,"column":null}},"13":{"start":{"line":26,"column":2},"end":{"line":26,"column":null}},"14":{"start":{"line":26,"column":16},"end":{"line":26,"column":null}},"15":{"start":{"line":28,"column":2},"end":{"line":39,"column":null}},"16":{"start":{"line":33,"column":25},"end":{"line":33,"column":null}}},"fnMap":{"0":{"name":"ProfileEditor","decl":{"start":{"line":4,"column":16},"end":{"line":4,"column":30}},"loc":{"start":{"line":4,"column":114},"end":{"line":41,"column":null}}},"1":{"name":"(anonymous_1)","decl":{"start":{"line":8,"column":10},"end":{"line":8,"column":16}},"loc":{"start":{"line":8,"column":16},"end":{"line":10,"column":5}}},"2":{"name":"(anonymous_2)","decl":{"start":{"line":12,"column":15},"end":{"line":12,"column":21}},"loc":{"start":{"line":12,"column":21},"end":{"line":24,"column":null}}},"3":{"name":"(anonymous_3)","decl":{"start":{"line":33,"column":18},"end":{"line":33,"column":19}},"loc":{"start":{"line":33,"column":25},"end":{"line":33,"column":null}}}},"branchMap":{"0":{"loc":{"start":{"line":9,"column":4},"end":{"line":9,"column":null}},"type":"if","locations":[{"start":{"line":9,"column":4},"end":{"line":9,"column":null}},{"start":{},"end":{}}]},"1":{"loc":{"start":{"line":16,"column":6},"end":{"line":18,"column":null}},"type":"if","locations":[{"start":{"line":16,"column":6},"end":{"line":18,"column":null}},{"start":{},"end":{}}]},"2":{"loc":{"start":{"line":16,"column":10},"end":{"line":16,"column":86}},"type":"binary-expr","locations":[{"start":{"line":16,"column":10},"end":{"line":16,"column":21}},{"start":{"line":16,"column":21},"end":{"line":16,"column":54}},{"start":{"line":16,"column":54},"end":{"line":16,"column":86}}]},"3":{"loc":{"start":{"line":22,"column":15},"end":{"line":22,"column":38}},"type":"binary-expr","locations":[{"start":{"line":22,"column":15},"end":{"line":22,"column":29}},{"start":{"line":22,"column":29},"end":{"line":22,"column":38}}]},"4":{"loc":{"start":{"line":26,"column":2},"end":{"line":26,"column":null}},"type":"if","locations":[{"start":{"line":26,"column":2},"end":{"line":26,"column":null}},{"start":{},"end":{}}]},"5":{"loc":{"start":{"line":37,"column":9},"end":{"line":37,"column":null}},"type":"binary-expr","locations":[{"start":{"line":37,"column":9},"end":{"line":37,"column":18}},{"start":{"line":37,"column":18},"end":{"line":37,"column":null}}]}},"s":{"0":0,"1":0,"2":0,"3":0,"4":0,"5":0,"6":0,"7":0,"8":0,"9":0,"10":0,"11":0,"12":0,"13":0,"14":0,"15":0,"16":0},"f":{"0":0,"1":0,"2":0,"3":0},"b":{"0":[0,0],"1":[0,0],"2":[0,0,0],"3":[0,0],"4":[0,0],"5":[0,0]}}
,"/home/chris/dev/loopautoma/src/components/ProfileSelector.tsx": {"path":"/home/chris/dev/loopautoma/src/components/ProfileSelector.tsx","statementMap":{"0":{"start":{"line":8,"column":2},"end":{"line":18,"column":null}},"1":{"start":{"line":9,"column":49},"end":{"line":9,"column":null}},"2":{"start":{"line":14,"column":8},"end":{"line":16,"column":null}}},"fnMap":{"0":{"name":"ProfileSelector","decl":{"start":{"line":3,"column":16},"end":{"line":3,"column":32}},"loc":{"start":{"line":7,"column":3},"end":{"line":20,"column":null}}},"1":{"name":"(anonymous_1)","decl":{"start":{"line":9,"column":42},"end":{"line":9,"column":43}},"loc":{"start":{"line":9,"column":49},"end":{"line":9,"column":null}}},"2":{"name":"(anonymous_2)","decl":{"start":{"line":13,"column":20},"end":{"line":13,"column":21}},"loc":{"start":{"line":14,"column":8},"end":{"line":16,"column":null}}}},"branchMap":{"0":{"loc":{"start":{"line":9,"column":19},"end":{"line":9,"column":32}},"type":"binary-expr","locations":[{"start":{"line":9,"column":19},"end":{"line":9,"column":28}},{"start":{"line":9,"column":28},"end":{"line":9,"column":32}}]}},"s":{"0":1,"1":0,"2":1},"f":{"0":1,"1":0,"2":1},"b":{"0":[1,0]}}
,"/home/chris/dev/loopautoma/tests/coverage.vitest.test.ts": {"path":"/home/chris/dev/loopautoma/tests/coverage.vitest.test.ts","statementMap":{"0":{"start":{"line":3,"column":0},"end":{"line":7,"column":null}},"1":{"start":{"line":4,"column":2},"end":{"line":6,"column":null}},"2":{"start":{"line":5,"column":4},"end":{"line":5,"column":null}}},"fnMap":{"0":{"name":"(anonymous_0)","decl":{"start":{"line":3,"column":34},"end":{"line":3,"column":40}},"loc":{"start":{"line":3,"column":40},"end":{"line":7,"column":1}}},"1":{"name":"(anonymous_1)","decl":{"start":{"line":4,"column":21},"end":{"line":4,"column":27}},"loc":{"start":{"line":4,"column":27},"end":{"line":6,"column":3}}}},"branchMap":{},"s":{"0":1,"1":1,"2":1},"f":{"0":1,"1":1},"b":{}}
,"/home/chris/dev/loopautoma/tests/hello.test.ts": {"path":"/home/chris/dev/loopautoma/tests/hello.test.ts","statementMap":{"0":{"start":{"line":3,"column":0},"end":{"line":11,"column":null}},"1":{"start":{"line":4,"column":2},"end":{"line":6,"column":null}},"2":{"start":{"line":5,"column":4},"end":{"line":5,"column":null}},"3":{"start":{"line":8,"column":2},"end":{"line":10,"column":null}},"4":{"start":{"line":9,"column":4},"end":{"line":9,"column":null}}},"fnMap":{"0":{"name":"(anonymous_0)","decl":{"start":{"line":3,"column":24},"end":{"line":3,"column":30}},"loc":{"start":{"line":3,"column":30},"end":{"line":11,"column":1}}},"1":{"name":"(anonymous_1)","decl":{"start":{"line":4,"column":19},"end":{"line":4,"column":25}},"loc":{"start":{"line":4,"column":25},"end":{"line":6,"column":3}}},"2":{"name":"(anonymous_2)","decl":{"start":{"line":8,"column":25},"end":{"line":8,"column":31}},"loc":{"start":{"line":8,"column":31},"end":{"line":10,"column":3}}}},"branchMap":{},"s":{"0":0,"1":0,"2":0,"3":0,"4":0},"f":{"0":0,"1":0,"2":0},"b":{}}
,"/home/chris/dev/loopautoma/tests/ui.components.vitest.test.tsx": {"path":"/home/chris/dev/loopautoma/tests/ui.components.vitest.test.tsx","statementMap":{"0":{"start":{"line":6,"column":0},"end":{"line":23,"column":null}},"1":{"start":{"line":7,"column":2},"end":{"line":10,"column":null}},"2":{"start":{"line":8,"column":4},"end":{"line":8,"column":null}},"3":{"start":{"line":9,"column":4},"end":{"line":9,"column":null}},"4":{"start":{"line":12,"column":2},"end":{"line":22,"column":null}},"5":{"start":{"line":13,"column":4},"end":{"line":19,"column":null}},"6":{"start":{"line":20,"column":19},"end":{"line":20,"column":null}},"7":{"start":{"line":21,"column":4},"end":{"line":21,"column":null}}},"fnMap":{"0":{"name":"(anonymous_0)","decl":{"start":{"line":6,"column":26},"end":{"line":6,"column":32}},"loc":{"start":{"line":6,"column":32},"end":{"line":23,"column":1}}},"1":{"name":"(anonymous_1)","decl":{"start":{"line":7,"column":37},"end":{"line":7,"column":43}},"loc":{"start":{"line":7,"column":43},"end":{"line":10,"column":3}}},"2":{"name":"(anonymous_2)","decl":{"start":{"line":12,"column":38},"end":{"line":12,"column":44}},"loc":{"start":{"line":12,"column":44},"end":{"line":22,"column":3}}},"3":{"name":"(anonymous_3)","decl":{"start":{"line":17,"column":18},"end":{"line":17,"column":24}},"loc":{"start":{"line":17,"column":24},"end":{"line":17,"column":null}}}},"branchMap":{},"s":{"0":1,"1":1,"2":1,"3":1,"4":1,"5":1,"6":1,"7":1},"f":{"0":1,"1":1,"2":1,"3":0},"b":{}}
}
